2024-09-08 18:43:02.620 [info] [main] Log level: Info
2024-09-08 18:43:02.620 [info] [main] Validating found git in: "git"
2024-09-08 18:43:02.887 [info] [main] Using git "2.34.1" from "git"
2024-09-08 18:43:02.887 [info] [Model][doInitialScan] Initial repository scan started
2024-09-08 18:43:03.058 [info] > git rev-parse --show-toplevel [154ms]
2024-09-08 18:43:03.065 [info] > git rev-parse --show-toplevel [2ms]
2024-09-08 18:43:03.071 [info] > git rev-parse --show-toplevel [2ms]
2024-09-08 18:43:03.083 [info] > git rev-parse --show-toplevel [7ms]
2024-09-08 18:43:03.090 [info] > git rev-parse --show-toplevel [2ms]
2024-09-08 18:43:03.096 [info] > git rev-parse --show-toplevel [2ms]
2024-09-08 18:43:03.102 [info] > git rev-parse --show-toplevel [2ms]
2024-09-08 18:43:03.108 [info] > git rev-parse --show-toplevel [2ms]
2024-09-08 18:43:03.114 [info] > git rev-parse --show-toplevel [2ms]
2024-09-08 18:43:03.120 [info] > git rev-parse --show-toplevel [2ms]
2024-09-08 18:43:03.126 [info] > git rev-parse --show-toplevel [2ms]
2024-09-08 18:43:03.133 [info] > git rev-parse --show-toplevel [1ms]
2024-09-08 18:43:03.139 [info] [Model][doInitialScan] Initial repository scan completed - repositories (0), closed repositories (0), parent repositories (1), unsafe repositories (0)
2024-09-08 18:43:49.244 [info] > git rev-parse --show-toplevel [4ms]
2024-09-08 18:50:29.557 [info] > git rev-parse --show-toplevel [3ms]
2024-09-08 18:52:10.245 [info] > git rev-parse --show-toplevel [3ms]
2024-09-08 18:52:22.140 [info] > git rev-parse --show-toplevel [3ms]
2024-09-08 18:57:51.087 [info] > git rev-parse --show-toplevel [3ms]
2024-09-08 18:59:26.211 [info] > git rev-parse --show-toplevel [2ms]
2024-09-08 18:59:35.519 [info] > git rev-parse --show-toplevel [2ms]
2024-09-08 18:59:47.969 [info] > git rev-parse --show-toplevel [6ms]
2024-09-08 19:01:43.973 [info] > git rev-parse --show-toplevel [10ms]
2024-09-08 19:01:45.330 [info] > git rev-parse --show-toplevel [3ms]
2024-09-08 19:02:11.803 [info] > git rev-parse --show-toplevel [3ms]
2024-09-08 19:02:43.086 [info] > git rev-parse --show-toplevel [3ms]
2024-09-08 19:02:53.216 [info] > git rev-parse --show-toplevel [2ms]
2024-09-08 19:03:05.631 [info] > git rev-parse --show-toplevel [5ms]
2024-09-08 22:28:13.476 [info] > git rev-parse --show-toplevel [3ms]
2024-09-08 22:28:14.788 [info] > git rev-parse --show-toplevel [3ms]
2024-09-08 22:28:22.556 [info] > git rev-parse --show-toplevel [3ms]
2024-09-08 22:28:40.569 [info] > git rev-parse --show-toplevel [2ms]
2024-09-08 22:28:42.701 [info] > git rev-parse --show-toplevel [5ms]
2024-09-08 22:29:19.480 [info] > git rev-parse --show-toplevel [6ms]
2024-09-08 22:29:20.581 [info] > git rev-parse --show-toplevel [3ms]
2024-09-08 22:29:21.322 [info] > git rev-parse --show-toplevel [6ms]
2024-09-08 22:32:28.104 [info] > git rev-parse --show-toplevel [5ms]
2024-09-08 22:32:43.391 [info] > git rev-parse --show-toplevel [4ms]
2024-09-08 22:33:14.425 [info] > git rev-parse --show-toplevel [2ms]
2024-09-08 23:27:53.303 [info] > git rev-parse --show-toplevel [7ms]
2024-09-08 23:29:01.234 [info] > git rev-parse --show-toplevel [5ms]
2024-09-08 23:29:11.467 [info] > git rev-parse --show-toplevel [3ms]
2024-09-08 23:29:16.977 [info] > git rev-parse --show-toplevel [4ms]
2024-09-08 23:50:20.095 [info] > git rev-parse --show-toplevel [19ms]
2024-09-08 23:50:33.994 [info] > git rev-parse --show-toplevel [5ms]
2024-09-08 23:50:36.454 [info] > git rev-parse --show-toplevel [4ms]
2024-09-08 23:50:41.140 [info] > git rev-parse --show-toplevel [3ms]
2024-09-08 23:50:44.398 [info] > git rev-parse --show-toplevel [4ms]
2024-09-08 23:50:52.319 [info] > git rev-parse --show-toplevel [6ms]
2024-09-08 23:50:53.250 [info] > git rev-parse --show-toplevel [1ms]
2024-09-08 23:54:53.489 [info] > git rev-parse --show-toplevel [4ms]
2024-09-08 23:56:19.604 [info] > git rev-parse --show-toplevel [2ms]
2024-09-08 23:59:16.828 [info] > git rev-parse --show-toplevel [5ms]
2024-09-08 23:59:43.865 [info] > git rev-parse --show-toplevel [2ms]
2024-09-09 00:00:50.722 [info] > git rev-parse --show-toplevel [13ms]
